may 25, 2020 4:05:36 PM com.era.logger.LoggerUtility logError
INFORMACIÓN: Error: org.hibernate.MappingException: composite-id class must implement Serializable: com.era.models.CTipoRelacion
	at org.hibernate.mapping.RootClass.checkCompositeIdentifier(RootClass.java:263)
	at org.hibernate.mapping.RootClass.validate(RootClass.java:244)
	at org.hibernate.cfg.Configuration.validate(Configuration.java:1332)
	at org.hibernate.cfg.Configuration.buildSessionFactory(Configuration.java:1835)
	at com.era.repositories.utils.HibernateUtil.buildSessionFactoryForLocal(HibernateUtil.java:166)
	at com.era.repositories.utils.HibernateUtil.loadDbLocal(HibernateUtil.java:105)
	at com.era.tableviews.Main.main(Main.java:45)

may 25, 2020 4:12:03 PM com.era.logger.LoggerUtility logError
INFORMACIÓN: Error: org.hibernate.MappingException: composite-id class must implement Serializable: com.era.models.CTipoRelacion
	at org.hibernate.mapping.RootClass.checkCompositeIdentifier(RootClass.java:263)
	at org.hibernate.mapping.RootClass.validate(RootClass.java:244)
	at org.hibernate.cfg.Configuration.validate(Configuration.java:1332)
	at org.hibernate.cfg.Configuration.buildSessionFactory(Configuration.java:1835)
	at com.era.repositories.utils.HibernateUtil.buildSessionFactoryForLocal(HibernateUtil.java:166)
	at com.era.repositories.utils.HibernateUtil.loadDbLocal(HibernateUtil.java:105)
	at com.era.tableviews.Main.main(Main.java:45)

may 25, 2020 4:20:17 PM com.era.logger.LoggerUtility logError
INFORMACIÓN: Error: org.hibernate.MappingException: composite-id class must implement Serializable: com.era.models.CPaymentForm
	at org.hibernate.mapping.RootClass.checkCompositeIdentifier(RootClass.java:263)
	at org.hibernate.mapping.RootClass.validate(RootClass.java:244)
	at org.hibernate.cfg.Configuration.validate(Configuration.java:1332)
	at org.hibernate.cfg.Configuration.buildSessionFactory(Configuration.java:1835)
	at com.era.repositories.utils.HibernateUtil.buildSessionFactoryForLocal(HibernateUtil.java:166)
	at com.era.repositories.utils.HibernateUtil.loadDbLocal(HibernateUtil.java:105)
	at com.era.tableviews.Main.main(Main.java:45)

may 25, 2020 4:21:46 PM com.era.logger.LoggerUtility logError
INFORMACIÓN: Error: org.hibernate.MappingException: composite-id class must implement Serializable: com.era.models.CClaveUnidad
	at org.hibernate.mapping.RootClass.checkCompositeIdentifier(RootClass.java:263)
	at org.hibernate.mapping.RootClass.validate(RootClass.java:244)
	at org.hibernate.cfg.Configuration.validate(Configuration.java:1332)
	at org.hibernate.cfg.Configuration.buildSessionFactory(Configuration.java:1835)
	at com.era.repositories.utils.HibernateUtil.buildSessionFactoryForLocal(HibernateUtil.java:166)
	at com.era.repositories.utils.HibernateUtil.loadDbLocal(HibernateUtil.java:105)
	at com.era.tableviews.Main.main(Main.java:45)

may 25, 2020 4:22:45 PM com.era.logger.LoggerUtility logError
INFORMACIÓN: Error: java.lang.NullPointerException
	at com.era.repositories.utils.HibernateSchemeUtil.getTableMetaData(HibernateSchemeUtil.java:77)
	at com.era.tableviews.Main.main(Main.java:54)

may 25, 2020 4:31:18 PM com.era.logger.LoggerUtility logError
INFORMACIÓN: Error: java.io.IOException: El sistema no puede encontrar la ruta especificada
	at java.io.WinNTFileSystem.createFileExclusively(Native Method)
	at java.io.File.createNewFile(File.java:1012)
	at com.era.tableviews.TableGenerator.createClass(TableGenerator.java:44)
	at com.era.tableviews.Main.main(Main.java:56)

may 25, 2020 4:39:13 PM com.era.logger.LoggerUtility logError
INFORMACIÓN: Error: java.lang.NullPointerException
	at com.era.repositories.utils.HibernateUtil.openSession(HibernateUtil.java:404)
	at com.era.tableviews.Main.main(Main.java:51)

may 25, 2020 4:45:29 PM com.era.logger.LoggerUtility logError
INFORMACIÓN: Error: java.lang.NullPointerException
	at com.era.repositories.utils.HibernateSchemeUtil.getTableMetaData(HibernateSchemeUtil.java:77)
	at com.era.tableviews.Main.main(Main.java:54)

may 25, 2020 7:04:39 PM com.era.logger.LoggerUtility logError
INFORMACIÓN: Error: java.io.IOException: El sistema no puede encontrar la ruta especificada
	at java.io.WinNTFileSystem.createFileExclusively(Native Method)
	at java.io.File.createNewFile(File.java:1012)
	at com.era.tableviews.generators.tables.TableModelGenerator.createClass(TableModelGenerator.java:45)
	at com.era.generator.Main.main(Main.java:59)

may 26, 2020 7:13:17 PM com.era.logger.LoggerUtility logError
INFORMACIÓN: Error: java.io.IOException: Acceso denegado
	at java.io.WinNTFileSystem.createFileExclusively(Native Method)
	at java.io.File.createNewFile(File.java:1012)
	at com.era.tableviews.generators.repositories.RepositoriesGenerator.createClass(RepositoriesGenerator.java:70)
	at com.era.generator.Main.main(Main.java:55)

may 26, 2020 7:18:17 PM com.era.logger.LoggerUtility logError
INFORMACIÓN: Error: java.io.IOException: Acceso denegado
	at java.io.WinNTFileSystem.createFileExclusively(Native Method)
	at java.io.File.createNewFile(File.java:1012)
	at com.era.tableviews.generators.repositories.RepositoriesGenerator.createClass(RepositoriesGenerator.java:73)
	at com.era.generator.Main.main(Main.java:55)

may 26, 2020 7:19:04 PM com.era.logger.LoggerUtility logError
INFORMACIÓN: Error: java.io.IOException: Acceso denegado
	at java.io.WinNTFileSystem.createFileExclusively(Native Method)
	at java.io.File.createNewFile(File.java:1012)
	at com.era.tableviews.generators.repositories.RepositoriesGenerator.createClass(RepositoriesGenerator.java:73)
	at com.era.generator.Main.main(Main.java:55)

may 26, 2020 7:20:29 PM com.era.logger.LoggerUtility logError
INFORMACIÓN: Error: java.io.IOException: Acceso denegado
	at java.io.WinNTFileSystem.createFileExclusively(Native Method)
	at java.io.File.createNewFile(File.java:1012)
	at com.era.tableviews.generators.repositories.RepositoriesGenerator.createClass(RepositoriesGenerator.java:73)
	at com.era.generator.Main.main(Main.java:55)

may 26, 2020 7:21:34 PM com.era.logger.LoggerUtility logError
INFORMACIÓN: Error: java.io.IOException: Acceso denegado
	at java.io.WinNTFileSystem.createFileExclusively(Native Method)
	at java.io.File.createNewFile(File.java:1012)
	at com.era.tableviews.generators.repositories.RepositoriesGenerator.createClass(RepositoriesGenerator.java:73)
	at com.era.generator.Main.main(Main.java:55)

may 26, 2020 8:35:52 PM com.era.logger.LoggerUtility logError
INFORMACIÓN: Error: java.io.IOException: Acceso denegado
	at java.io.WinNTFileSystem.createFileExclusively(Native Method)
	at java.io.File.createNewFile(File.java:1012)
	at com.era.tableviews.generators.repositories.RepositoriesGenerator.createClass(RepositoriesGenerator.java:81)
	at com.era.generator.Main.main(Main.java:55)

may 26, 2020 11:32:04 PM com.era.logger.LoggerUtility logError
INFORMACIÓN: Error: java.io.IOException: Acceso denegado
	at java.io.WinNTFileSystem.createFileExclusively(Native Method)
	at java.io.File.createNewFile(File.java:1012)
	at com.era.tableviews.generators.repositories.RepositoriesGenerator.createValidationExceptionFile(RepositoriesGenerator.java:131)
	at com.era.tableviews.generators.repositories.RepositoriesGenerator.createClass(RepositoriesGenerator.java:96)
	at com.era.generator.Main.main(Main.java:55)

may 27, 2020 12:12:10 AM com.era.logger.LoggerUtility logError
INFORMACIÓN: Error: java.lang.IllegalAccessException: Class com.era.tableviews.generators.repositories.RepositoriesGenerator can not access a member of class com.era.models.Company with modifiers "private"
	at sun.reflect.Reflection.ensureMemberAccess(Reflection.java:102)
	at java.lang.reflect.AccessibleObject.slowCheckMemberAccess(AccessibleObject.java:296)
	at java.lang.reflect.AccessibleObject.checkAccess(AccessibleObject.java:288)
	at java.lang.reflect.Field.get(Field.java:390)
	at com.era.tableviews.generators.repositories.RepositoriesGenerator.getValidationFileContent(RepositoriesGenerator.java:180)
	at com.era.tableviews.generators.repositories.RepositoriesGenerator.createValidationFile(RepositoriesGenerator.java:123)
	at com.era.tableviews.generators.repositories.RepositoriesGenerator.createClass(RepositoriesGenerator.java:99)
	at com.era.generator.Main.main(Main.java:55)

may 27, 2020 12:13:13 AM com.era.logger.LoggerUtility logError
INFORMACIÓN: Error: java.lang.IllegalArgumentException: Can not set java.lang.String field com.era.models.Company.appPath to java.lang.Class
	at sun.reflect.UnsafeFieldAccessorImpl.throwSetIllegalArgumentException(UnsafeFieldAccessorImpl.java:167)
	at sun.reflect.UnsafeFieldAccessorImpl.throwSetIllegalArgumentException(UnsafeFieldAccessorImpl.java:171)
	at sun.reflect.UnsafeFieldAccessorImpl.ensureObj(UnsafeFieldAccessorImpl.java:58)
	at sun.reflect.UnsafeObjectFieldAccessorImpl.get(UnsafeObjectFieldAccessorImpl.java:36)
	at java.lang.reflect.Field.get(Field.java:393)
	at com.era.tableviews.generators.repositories.RepositoriesGenerator.getValidationFileContent(RepositoriesGenerator.java:181)
	at com.era.tableviews.generators.repositories.RepositoriesGenerator.createValidationFile(RepositoriesGenerator.java:123)
	at com.era.tableviews.generators.repositories.RepositoriesGenerator.createClass(RepositoriesGenerator.java:99)
	at com.era.generator.Main.main(Main.java:55)

may 27, 2020 12:16:34 AM com.era.logger.LoggerUtility logError
INFORMACIÓN: Error: java.io.IOException: Acceso denegado
	at java.io.WinNTFileSystem.createFileExclusively(Native Method)
	at java.io.File.createNewFile(File.java:1012)
	at com.era.tableviews.generators.repositories.RepositoriesGenerator.createValidationExceptionFile(RepositoriesGenerator.java:266)
	at com.era.tableviews.generators.repositories.RepositoriesGenerator.createClass(RepositoriesGenerator.java:96)
	at com.era.generator.Main.main(Main.java:55)

may 27, 2020 12:21:04 AM com.era.logger.LoggerUtility logError
INFORMACIÓN: Error: java.io.IOException: Acceso denegado
	at java.io.WinNTFileSystem.createFileExclusively(Native Method)
	at java.io.File.createNewFile(File.java:1012)
	at com.era.tableviews.generators.repositories.RepositoriesGenerator.createValidationFile(RepositoriesGenerator.java:132)
	at com.era.tableviews.generators.repositories.RepositoriesGenerator.createClass(RepositoriesGenerator.java:99)
	at com.era.generator.Main.main(Main.java:55)

may 27, 2020 12:32:41 AM com.era.logger.LoggerUtility logError
INFORMACIÓN: Error: java.io.IOException: Acceso denegado
	at java.io.WinNTFileSystem.createFileExclusively(Native Method)
	at java.io.File.createNewFile(File.java:1012)
	at com.era.tableviews.generators.repositories.RepositoriesGenerator.createValidationFile(RepositoriesGenerator.java:132)
	at com.era.tableviews.generators.repositories.RepositoriesGenerator.createClass(RepositoriesGenerator.java:99)
	at com.era.generator.Main.main(Main.java:55)

may 27, 2020 5:38:52 PM com.era.logger.LoggerUtility logError
INFORMACIÓN: Error: java.io.IOException: Acceso denegado
	at java.io.WinNTFileSystem.createFileExclusively(Native Method)
	at java.io.File.createNewFile(File.java:1012)
	at com.era.tableviews.generators.tables.TableModelGenerator.createClass(TableModelGenerator.java:51)
	at com.era.generator.Main.main(Main.java:69)

may 27, 2020 5:40:28 PM com.era.logger.LoggerUtility logError
INFORMACIÓN: Error: java.io.IOException: Acceso denegado
	at java.io.WinNTFileSystem.createFileExclusively(Native Method)
	at java.io.File.createNewFile(File.java:1012)
	at com.era.tableviews.generators.repositories.RepositoriesGenerator.createValidationFile(RepositoriesGenerator.java:184)
	at com.era.tableviews.generators.repositories.RepositoriesGenerator.createClass(RepositoriesGenerator.java:99)
	at com.era.generator.Main.main(Main.java:55)

may 27, 2020 5:41:16 PM com.era.logger.LoggerUtility logError
INFORMACIÓN: Error: java.io.IOException: Acceso denegado
	at java.io.WinNTFileSystem.createFileExclusively(Native Method)
	at java.io.File.createNewFile(File.java:1012)
	at com.era.tableviews.generators.repositories.RepositoriesGenerator.createClass(RepositoriesGenerator.java:82)
	at com.era.generator.Main.main(Main.java:55)

may 27, 2020 5:53:37 PM com.era.logger.LoggerUtility logError
INFORMACIÓN: Error: java.io.IOException: Acceso denegado
	at java.io.WinNTFileSystem.createFileExclusively(Native Method)
	at java.io.File.createNewFile(File.java:1012)
	at com.era.tableviews.generators.tables.TableModelGenerator.createClass(TableModelGenerator.java:51)
	at com.era.generator.Main.main(Main.java:69)

